<?xml version="1.0" encoding="UTF-8"?>
<!-- Generated by org.testng.reporters.JUnitXMLReporter -->
<testsuite hostname="MacBook-Pro-Mark.local" ignored="0" name="KeyPressesTests" tests="2" failures="0" timestamp="2019-07-01T15:38:45 EEST" time="8.685" errors="0">
  <testcase name="pressKeyTest" time="2.112" classname="com.herokuapp.theinternet.keypressestests.KeyPressesTests"/>
  <testcase name="pressKeyWithActionsTest" time="2.034" classname="com.herokuapp.theinternet.keypressestests.KeyPressesTests"/>
</testsuite> <!-- KeyPressesTests -->
