<?xml version="1.0" encoding="UTF-8"?>
<!-- Generated by org.testng.reporters.JUnitXMLReporter -->
<testsuite hostname="MacBook-Pro-Mark.local" ignored="0" name="NegativeUsernameTest-CH" tests="5" failures="0" timestamp="2019-07-01T15:38:41 EEST" time="43.802" errors="0">
  <testcase name="negativeLogInTest" time="6.346" classname="com.herokuapp.theinternet.loginpagetests.NegativeLogInTests"/>
  <testcase name="negativeLogInTest" time="5.246" classname="com.herokuapp.theinternet.loginpagetests.NegativeLogInTests"/>
  <testcase name="negativeLogInTest" time="6.663" classname="com.herokuapp.theinternet.loginpagetests.NegativeLogInTests"/>
  <testcase name="negativeLogInTest" time="4.081" classname="com.herokuapp.theinternet.loginpagetests.NegativeLogInTests"/>
  <testcase name="negativeLogInTest" time="5.196" classname="com.herokuapp.theinternet.loginpagetests.NegativeLogInTests"/>
</testsuite> <!-- NegativeUsernameTest-CH -->
