<?xml version="1.0" encoding="UTF-8"?>
<!-- Generated by org.testng.reporters.JUnitXMLReporter -->
<testsuite hostname="MacBook-Pro-Mark.local" ignored="0" name="NegativePasswordTest-FF" tests="5" failures="0" timestamp="2019-07-01T15:38:58 EEST" time="60.421" errors="0">
  <testcase name="negativeLogInTest" time="5.752" classname="com.herokuapp.theinternet.loginpagetests.NegativeLogInTests"/>
  <testcase name="negativeLogInTest" time="5.109" classname="com.herokuapp.theinternet.loginpagetests.NegativeLogInTests"/>
  <testcase name="negativeLogInTest" time="3.611" classname="com.herokuapp.theinternet.loginpagetests.NegativeLogInTests"/>
  <testcase name="negativeLogInTest" time="3.998" classname="com.herokuapp.theinternet.loginpagetests.NegativeLogInTests"/>
  <testcase name="negativeLogInTest" time="3.217" classname="com.herokuapp.theinternet.loginpagetests.NegativeLogInTests"/>
</testsuite> <!-- NegativePasswordTest-FF -->
