<?xml version="1.0" encoding="UTF-8"?>
<!-- Generated by org.testng.reporters.JUnitXMLReporter -->
<testsuite hostname="MacBook-Pro-Mark.local" ignored="0" name="UploadTests" tests="3" failures="0" timestamp="2019-07-01T15:38:56 EEST" time="16.619" errors="0">
  <testcase name="fileUploadTest" time="3.686" classname="com.herokuapp.theinternet.uploadtests.UploadTests"/>
  <testcase name="fileUploadTest" time="2.633" classname="com.herokuapp.theinternet.uploadtests.UploadTests"/>
  <testcase name="fileUploadTest" time="2.266" classname="com.herokuapp.theinternet.uploadtests.UploadTests"/>
</testsuite> <!-- UploadTests -->
