<?xml version="1.0" encoding="UTF-8"?>
<!-- Generated by org.testng.reporters.JUnitXMLReporter -->
<testsuite hostname="MacBook-Pro-Mark.local" ignored="0" name="UploadTests" tests="3" failures="0" timestamp="2019-07-01T15:19:32 EEST" time="11.768" errors="0">
  <testcase name="fileUploadTest" time="2.929" classname="com.herokuapp.theinternet.uploadtests.UploadTests"/>
  <testcase name="fileUploadTest" time="2.921" classname="com.herokuapp.theinternet.uploadtests.UploadTests"/>
  <testcase name="fileUploadTest" time="1.969" classname="com.herokuapp.theinternet.uploadtests.UploadTests"/>
</testsuite> <!-- UploadTests -->
