<?xml version="1.0" encoding="UTF-8"?>
<testsuite xmlns:xsi="http://www.w3.org/2001/XMLSchema-instance" xsi:noNamespaceSchemaLocation="https://maven.apache.org/surefire/maven-surefire-plugin/xsd/surefire-test-report.xsd" name="TestSuite" time="60.923" tests="25" errors="0" skipped="0" failures="1">
  <properties>
[...]
</properties>
  <testcase name="selectingTwoCheckboxesTest" classname="com.herokuapp.theinternet.checkboxespagetests.CheckboxesTests" time="3.72"/>
  <testcase name="negativeLogInTest" classname="com.herokuapp.theinternet.loginpagetests.NegativeLogInTests" time="2.156"/>
  <testcase name="negativeLogInTest" classname="com.herokuapp.theinternet.loginpagetests.NegativeLogInTests" time="0.038"/>
  <testcase name="negativeLogInTest" classname="com.herokuapp.theinternet.loginpagetests.NegativeLogInTests" time="0.783"/>
  <testcase name="negativeLogInTest" classname="com.herokuapp.theinternet.loginpagetests.NegativeLogInTests" time="4.079"/>
  <testcase name="negativeLogInTest" classname="com.herokuapp.theinternet.loginpagetests.NegativeLogInTests" time="1.562"/>
  <testcase name="negativeLogInTest" classname="com.herokuapp.theinternet.loginpagetests.NegativeLogInTests" time="1.16"/>
  <testcase name="negativeLogInTest" classname="com.herokuapp.theinternet.loginpagetests.NegativeLogInTests" time="0.337"/>
  <testcase name="negativeLogInTest" classname="com.herokuapp.theinternet.loginpagetests.NegativeLogInTests" time="2.865"/>
  <testcase name="negativeLogInTest" classname="com.herokuapp.theinternet.loginpagetests.NegativeLogInTests" time="3.998"/>
  <testcase name="negativeLogInTest" classname="com.herokuapp.theinternet.loginpagetests.NegativeLogInTests" time="3.211"/>
  <testcase name="logInTest" classname="com.herokuapp.theinternet.loginpagetests.PositiveLogInTests" time="2.193"/>
  <testcase name="optionTwoTest" classname="com.herokuapp.theinternet.dropdowntests.DropdownTest" time="1.263"/>
  <testcase name="jsAlertTest" classname="com.herokuapp.theinternet.alertstests.AlertsTests" time="1.672"/>
  <testcase name="newWindowTest" classname="com.herokuapp.theinternet.windowstests.WindowsTests" time="0.325"/>
  <testcase name="jsDismissTest" classname="com.herokuapp.theinternet.alertstests.AlertsTests" time="2.306"/>
  <testcase name="jsPromptTest" classname="com.herokuapp.theinternet.alertstests.AlertsTests" time="0.529">
    <failure message="The following asserts failed:&#10;	Alert message is not expected. &#10;Should be &apos;I am a JS prompt&apos;, but it is &apos;I am a JS prompt[FAIL]&apos; did not expect to find [true] but found [false],&#10;	result is not expected. &#10;Should be &apos;You entered: Hello Alert, its Dmitry here&apos;, but it is &apos;You entered: Hello Alert, it&apos;s Dmitry here[FAIL]&apos; did not expect to find [true] but found [false]" type="java.lang.AssertionError">java.lang.AssertionError: 
The following asserts failed:
	Alert message is not expected. 
Should be 'I am a JS prompt', but it is 'I am a JS prompt[FAIL]' did not expect to find [true] but found [false],
	result is not expected. 
Should be 'You entered: Hello Alert, its Dmitry here', but it is 'You entered: Hello Alert, it's Dmitry here[FAIL]' did not expect to find [true] but found [false]
	at com.herokuapp.theinternet.alertstests.AlertsTests.jsPromptTest(AlertsTests.java:113)
</failure>
    <system-out><![CDATA[[TestNG-tests-3] 15:38:36,866 INFO  [NegativePasswordTest-FF] Close driver
[TestNG-tests-1] 15:38:37,020 INFO  [AlertsTests] [Test jsPromptTest failed]
]]></system-out>
    <system-err><![CDATA[1561984716869	Marionette	INFO	Stopped listening on port 64216

###!!! [Child][RunMessage] Error: Channel closing: too late to send/recv, messages will be lost

]]></system-err>
  </testcase>
  <testcase name="defaultEditorValueTest" classname="com.herokuapp.theinternet.editortests.EditorTests" time="0.994"/>
  <testcase name="pressKeyTest" classname="com.herokuapp.theinternet.keypressestests.KeyPressesTests" time="2.111"/>
  <testcase name="pressKeyWithActionsTest" classname="com.herokuapp.theinternet.keypressestests.KeyPressesTests" time="0.839"/>
  <testcase name="fileUploadTest" classname="com.herokuapp.theinternet.uploadtests.UploadTests" time="1.706"/>
  <testcase name="fileUploadTest" classname="com.herokuapp.theinternet.uploadtests.UploadTests" time="0.653"/>
  <testcase name="fileUploadTest" classname="com.herokuapp.theinternet.uploadtests.UploadTests" time="2.266"/>
  <testcase name="dragAToBTest" classname="com.herokuapp.theinternet.draganddroptests.DragAndDropTests" time="2.365"/>
  <testcase name="dragAToBTest" classname="com.herokuapp.theinternet.draganddroptests.DragAndDropTests" time="1.617"/>
</testsuite>